<?xml version="1.0" encoding="UTF-8"?>
<!-- Generated by org.testng.reporters.JUnitXMLReporter -->
<testsuite ignored="0" hostname="Loyolas-MBP" failures="0" tests="3" name="Error Validation Test" time="74.608" errors="0" timestamp="2023-05-02T10:21:19 GMT-04:00">
  <testcase classname="rahulshettyacademy.tests.ErrorValidationTest" name="loginErrorValidationTest" time="23.871">
    <skipped/>
  </testcase> <!-- loginErrorValidationTest -->
  <testcase classname="rahulshettyacademy.tests.ErrorValidationTest" name="loginErrorValidationTest" time="0.986"/>
  <testcase classname="rahulshettyacademy.tests.ErrorValidationTest" name="productErrorValidationTest" time="21.214"/>
</testsuite> <!-- Error Validation Test -->
