<?xml version="1.0" encoding="UTF-8"?>
<!-- Generated by org.testng.reporters.JUnitXMLReporter -->
<testsuite ignored="2" hostname="Loyolas-MBP" failures="0" tests="0" time="0.004" errors="0" timestamp="2023-05-02T11:13:28 GMT-04:00">
  <testcase classname="rahulshettyacademy.tests.ErrorValidationTest" name="productErrorValidationTest" time="0.0">
    <ignored/>
  </testcase> <!-- productErrorValidationTest -->
  <testcase classname="rahulshettyacademy.tests.ErrorValidationTest" name="loginErrorValidationTest" time="0.0">
    <ignored/>
  </testcase> <!-- loginErrorValidationTest -->
</testsuite>
