<?xml version="1.0" encoding="UTF-8"?>
<!-- Generated by org.testng.reporters.JUnitXMLReporter -->
<testsuite ignored="1" hostname="Loyolas-MBP" failures="0" tests="2" name="Submit Order Test" time="53.637" errors="0" timestamp="2023-05-02T11:14:21 GMT-04:00">
  <testcase classname="rahulshettyacademy.tests.SubmitOrderTest" name="submitOrder" time="20.099"/>
  <testcase classname="rahulshettyacademy.tests.SubmitOrderTest" name="submitOrder" time="20.096"/>
  <testcase classname="rahulshettyacademy.tests.SubmitOrderTest" name="OrderHistoryTest" time="0.0">
    <ignored/>
  </testcase> <!-- OrderHistoryTest -->
</testsuite> <!-- Submit Order Test -->
