<?xml version="1.0" encoding="UTF-8"?>
<testng-results ignored="3" total="5" passed="2" failed="0" skipped="0">
  <reporter-output>
  </reporter-output>
  <suite started-at="2023-05-02T11:13:27 GMT-04:00" name="Suite" finished-at="2023-05-02T11:14:21 GMT-04:00" duration-ms="53637">
    <groups>
      <group name="Purchase">
        <method signature="SubmitOrderTest.submitOrder(java.util.HashMap)[pri:0, instance:rahulshettyacademy.tests.SubmitOrderTest@769f71a9]" name="submitOrder" class="rahulshettyacademy.tests.SubmitOrderTest"/>
      </group> <!-- Purchase -->
    </groups>
    <test started-at="2023-05-02T11:13:27 GMT-04:00" name="Error Validation Test" finished-at="2023-05-02T11:13:28 GMT-04:00" duration-ms="4">
    </test> <!-- Error Validation Test -->
    <test started-at="2023-05-02T11:13:27 GMT-04:00" name="Submit Order Test" finished-at="2023-05-02T11:14:21 GMT-04:00" duration-ms="53637">
      <class name="rahulshettyacademy.tests.SubmitOrderTest">
        <test-method is-config="true" signature="launchApplication()[pri:0, instance:rahulshettyacademy.tests.SubmitOrderTest@769f71a9]" started-at="2023-05-02T11:13:28 GMT-04:00" name="launchApplication" finished-at="2023-05-02T11:13:33 GMT-04:00" duration-ms="5828" status="PASS">
          <reporter-output>
          </reporter-output>
        </test-method> <!-- launchApplication -->
        <test-method signature="submitOrder(java.util.HashMap)[pri:0, instance:rahulshettyacademy.tests.SubmitOrderTest@769f71a9]" started-at="2023-05-02T11:13:33 GMT-04:00" name="submitOrder" data-provider="getData" finished-at="2023-05-02T11:13:54 GMT-04:00" duration-ms="20099" status="PASS">
          <params>
            <param index="0">
              <value>
                <![CDATA[{prodN=ADIDAS ORIGINAL, password=NAVeen909@, email=naveen909loy@gmail.com}]]>
              </value>
            </param>
          </params>
          <reporter-output>
          </reporter-output>
        </test-method> <!-- submitOrder -->
        <test-method is-config="true" signature="tearDown()[pri:0, instance:rahulshettyacademy.tests.SubmitOrderTest@769f71a9]" started-at="2023-05-02T11:13:54 GMT-04:00" name="tearDown" finished-at="2023-05-02T11:13:54 GMT-04:00" duration-ms="109" status="PASS">
          <reporter-output>
          </reporter-output>
        </test-method> <!-- tearDown -->
        <test-method is-config="true" signature="launchApplication()[pri:0, instance:rahulshettyacademy.tests.SubmitOrderTest@769f71a9]" started-at="2023-05-02T11:13:54 GMT-04:00" name="launchApplication" finished-at="2023-05-02T11:14:01 GMT-04:00" duration-ms="7321" status="PASS">
          <reporter-output>
          </reporter-output>
        </test-method> <!-- launchApplication -->
        <test-method signature="submitOrder(java.util.HashMap)[pri:0, instance:rahulshettyacademy.tests.SubmitOrderTest@769f71a9]" started-at="2023-05-02T11:14:01 GMT-04:00" name="submitOrder" data-provider="getData" finished-at="2023-05-02T11:14:21 GMT-04:00" duration-ms="20096" status="PASS">
          <params>
            <param index="0">
              <value>
                <![CDATA[{prodN=ZARA COAT 3, password=Iamking@000, email=shetty@gmail.com}]]>
              </value>
            </param>
          </params>
          <reporter-output>
          </reporter-output>
        </test-method> <!-- submitOrder -->
        <test-method is-config="true" signature="tearDown()[pri:0, instance:rahulshettyacademy.tests.SubmitOrderTest@769f71a9]" started-at="2023-05-02T11:14:21 GMT-04:00" name="tearDown" finished-at="2023-05-02T11:14:21 GMT-04:00" duration-ms="84" status="PASS">
          <reporter-output>
          </reporter-output>
        </test-method> <!-- tearDown -->
      </class> <!-- rahulshettyacademy.tests.SubmitOrderTest -->
    </test> <!-- Submit Order Test -->
  </suite> <!-- Suite -->
</testng-results>
